2019/12/23 05:49:41 [error] [exception.ParseError] ParseError: syntax error, unexpected '...' (T_ELLIPSIS), expecting ',' or ';' in C:\xampp\htdocs\ot_bws\themes\demo\views\layouts\main.php:925
Stack trace:
#0 C:\xampp\htdocs\yii\framework\web\CBaseController.php(95): CBaseController->renderInternal('C:\\xampp\\htdocs...', Array, true)
#1 C:\xampp\htdocs\yii\framework\web\widgets\CContentDecorator.php(76): CBaseController->renderFile('C:\\xampp\\htdocs...', Array, true)
#2 C:\xampp\htdocs\yii\framework\web\widgets\CContentDecorator.php(54): CContentDecorator->decorate('<div id="conten...')
#3 C:\xampp\htdocs\yii\framework\web\widgets\COutputProcessor.php(44): CContentDecorator->processOutput('<div id="conten...')
#4 C:\xampp\htdocs\yii\framework\web\CBaseController.php(215): COutputProcessor->run()
#5 C:\xampp\htdocs\yii\framework\web\CBaseController.php(309): CBaseController->endWidget('CContentDecorat...')
#6 C:\xampp\htdocs\ot_bws\protected\views\layouts\column1.php(6): CBaseController->endContent()
#7 C:\xampp\htdocs\yii\framework\web\CBaseController.php(126): require('C:\\xampp\\htdocs...')
#8 C:\xampp\htdocs\yii\framework\web\CBaseController.php(95): CBaseController->renderInternal('C:\\xampp\\htdocs...', Array, true)
#9 C:\xampp\htdocs\yii\framework\web\CController.php(787): CBaseController->renderFile('C:\\xampp\\htdocs...', Array, true)
#10 C:\xampp\htdocs\ot_bws\protected\controllers\SiteController.php(32): CController->render('index')
#11 C:\xampp\htdocs\yii\framework\web\actions\CInlineAction.php(49): SiteController->actionIndex()
#12 C:\xampp\htdocs\yii\framework\web\CController.php(308): CInlineAction->runWithParams(Array)
#13 C:\xampp\htdocs\yii\framework\web\CController.php(286): CController->runAction(Object(CInlineAction))
#14 C:\xampp\htdocs\yii\framework\web\CController.php(265): CController->runActionWithFilters(Object(CInlineAction), Array)
#15 C:\xampp\htdocs\yii\framework\web\CWebApplication.php(282): CController->run('')
#16 C:\xampp\htdocs\yii\framework\web\CWebApplication.php(141): CWebApplication->runController('')
#17 C:\xampp\htdocs\yii\framework\base\CApplication.php(185): CWebApplication->processRequest()
#18 C:\xampp\htdocs\ot_bws\index.php(13): CApplication->run()
#19 {main}
REQUEST_URI=/ot_bws/
---
